2020-10-10 10:37:47,228 [      0]   INFO -        #com.intellij.idea.Main - ------------------------------------------------------ IDE STARTED ------------------------------------------------------ 
2020-10-10 10:37:47,310 [     82]   INFO -        #com.intellij.idea.Main - IDE: IntelliJ IDEA (build #IC-202.6948.69, 25 Aug 2020 05:22) 
2020-10-10 10:37:47,313 [     85]   INFO -        #com.intellij.idea.Main - OS: Mac OS X (10.15.5, x86_64) 
2020-10-10 10:37:47,313 [     85]   INFO -        #com.intellij.idea.Main - JRE: 11.0.8+10-b944.31 (JetBrains s.r.o.) 
2020-10-10 10:37:47,313 [     85]   INFO -        #com.intellij.idea.Main - JVM: 11.0.8+10-b944.31 (OpenJDK 64-Bit Server VM) 
2020-10-10 10:37:47,412 [    184]   INFO -        #com.intellij.idea.Main - JVM Args: -Dapple.awt.fileDialogForDirectories=true -Dapple.laf.useScreenMenuBar=true -Didea.auto.reload.plugins=true -Didea.classpath.index.enabled=false -Didea.config.path=/Users/youxi/IdeaProjects/androidz_plugin_idea/build/idea-sandbox/config -Didea.is.internal=true -Didea.platform.prefix=Idea -Didea.plugins.path=/Users/youxi/IdeaProjects/androidz_plugin_idea/build/idea-sandbox/plugins -Didea.required.plugins.id=cn.com.lasong.plugin.idea -Didea.smooth.progress=false -Didea.system.path=/Users/youxi/IdeaProjects/androidz_plugin_idea/build/idea-sandbox/system -Xms256m -Xmx512m -Dfile.encoding=UTF-8 -Duser.country=CN -Duser.language=zh -Duser.variant -ea 
2020-10-10 10:37:47,413 [    185]   INFO -        #com.intellij.idea.Main - library path: /Users/youxi/Library/Java/Extensions:/Library/Java/Extensions:/Network/Library/Java/Extensions:/System/Library/Java/Extensions:/usr/lib/java:. 
2020-10-10 10:37:47,414 [    186]   INFO -        #com.intellij.idea.Main - boot library path: /Users/youxi/.gradle/caches/modules-2/files-2.1/com.jetbrains/jbre/jbr-11_0_8-osx-x64-b944.31/jbr/Contents/Home/lib 
2020-10-10 10:37:47,433 [    205]   INFO -        #com.intellij.idea.Main - locale=zh_CN_#Hans JNU=UTF-8 file.encoding=UTF-8
  idea.config.path=/Users/youxi/IdeaProjects/androidz_plugin_idea/build/idea-sandbox/config
  idea.system.path=/Users/youxi/IdeaProjects/androidz_plugin_idea/build/idea-sandbox/system
  idea.plugins.path=/Users/youxi/IdeaProjects/androidz_plugin_idea/build/idea-sandbox/plugins
  idea.log.path=/Users/youxi/IdeaProjects/androidz_plugin_idea/build/idea-sandbox/system/log 
2020-10-10 10:37:47,518 [    290]   INFO - .intellij.util.EnvironmentUtil - loading shell env: /bin/zsh -l -i -c '/Users/youxi/.gradle/caches/modules-2/files-2.1/com.jetbrains.intellij.idea/ideaIC/2020.2.1/a3f8c1e5b23dacbb6515571c2d97b455643d766d/ideaIC-2020.2.1/bin/printenv.py' '/var/folders/p6/mdpzk5ls29q_tnnjkynr8fpc0000gn/T/intellij-shell-env.5544869729871274122.tmp' 
2020-10-10 10:37:48,349 [   1121]   INFO -        #com.intellij.idea.Main - JNA library (64-bit) loaded in 915 ms 
2020-10-10 10:37:55,639 [   8411]   INFO - .intellij.util.EnvironmentUtil - shell environment loaded (20 vars) 
2020-10-10 10:37:56,179 [   8951]   INFO - ntellij.idea.ApplicationLoader - CPU cores: 4; ForkJoinPool.commonPool: java.util.concurrent.ForkJoinPool@bd282fd[Running, parallelism = 3, size = 0, active = 0, running = 0, steals = 0, tasks = 0, submissions = 0]; factory: com.intellij.concurrency.IdeaForkJoinWorkerThreadFactory@122cf958 
2020-10-10 10:37:56,565 [   9337]   INFO - llij.ide.plugins.PluginManager - Plugin PluginDescriptor(name=Java, id=com.intellij.java, path=/Users/youxi/.gradle/caches/modules-2/files-2.1/com.jetbrains.intellij.idea/ideaIC/2020.2.1/a3f8c1e5b23dacbb6515571c2d97b455643d766d/ideaIC-2020.2.1/plugins/java, version=202.6948.69) misses optional descriptor profiler-java.xml 
java.nio.file.NoSuchFileException: /META-INF/profiler-java.xml
	at jdk.zipfs/jdk.nio.zipfs.ZipFileSystem.newInputStream(ZipFileSystem.java:591)
	at jdk.zipfs/jdk.nio.zipfs.ZipPath.newInputStream(ZipPath.java:721)
	at jdk.zipfs/jdk.nio.zipfs.ZipFileSystemProvider.newInputStream(ZipFileSystemProvider.java:275)
	at java.base/java.nio.file.Files.newInputStream(Files.java:155)
	at com.intellij.openapi.util.JDOMUtil.load(JDOMUtil.java:351)
	at com.intellij.ide.plugins.BasePathResolver.resolvePath(BasePathResolver.java:54)
	at com.intellij.ide.plugins.PluginXmlPathResolver.resolvePath(PluginXmlPathResolver.java:58)
	at com.intellij.ide.plugins.XmlReader.readDependencies(XmlReader.java:215)
	at com.intellij.ide.plugins.IdeaPluginDescriptorImpl.readExternal(IdeaPluginDescriptorImpl.java:190)
	at com.intellij.ide.plugins.PluginDescriptorLoader.loadDescriptorFromJar(PluginDescriptorLoader.java:94)
	at com.intellij.ide.plugins.PluginDescriptorLoader.loadDescriptorFromDirAndNormalize(PluginDescriptorLoader.java:145)
	at com.intellij.ide.plugins.PluginDescriptorLoader.loadDescriptorFromFileOrDir(PluginDescriptorLoader.java:120)
	at com.intellij.ide.plugins.PluginDescriptorLoader.loadDescriptor(PluginDescriptorLoader.java:44)
	at com.intellij.ide.plugins.PluginDescriptorLoader.lambda$loadDescriptorsFromDir$1(PluginDescriptorLoader.java:246)
	at java.base/java.util.concurrent.FutureTask.run(FutureTask.java:264)
	at com.intellij.util.concurrency.BoundedTaskExecutor.doRun(BoundedTaskExecutor.java:215)
	at com.intellij.util.concurrency.BoundedTaskExecutor.access$200(BoundedTaskExecutor.java:26)
	at com.intellij.util.concurrency.BoundedTaskExecutor$1.execute(BoundedTaskExecutor.java:194)
	at com.intellij.util.concurrency.BoundedTaskExecutor$1.run(BoundedTaskExecutor.java:186)
	at java.base/java.util.concurrent.ThreadPoolExecutor.runWorker(ThreadPoolExecutor.java:1128)
	at java.base/java.util.concurrent.ThreadPoolExecutor$Worker.run(ThreadPoolExecutor.java:628)
	at java.base/java.util.concurrent.Executors$PrivilegedThreadFactory$1$1.run(Executors.java:668)
	at java.base/java.util.concurrent.Executors$PrivilegedThreadFactory$1$1.run(Executors.java:665)
	at java.base/java.security.AccessController.doPrivileged(Native Method)
	at java.base/java.util.concurrent.Executors$PrivilegedThreadFactory$1.run(Executors.java:665)
	at java.base/java.lang.Thread.run(Thread.java:834)
2020-10-10 10:37:56,671 [   9443]   INFO - llij.ide.plugins.PluginManager - Plugin PluginDescriptor(name=Groovy, id=org.intellij.groovy, path=/Users/youxi/.gradle/caches/modules-2/files-2.1/com.jetbrains.intellij.idea/ideaIC/2020.2.1/a3f8c1e5b23dacbb6515571c2d97b455643d766d/ideaIC-2020.2.1/plugins/Groovy, version=202.6948.69) misses optional descriptor duplicates-groovy.xml 
java.nio.file.NoSuchFileException: /META-INF/duplicates-groovy.xml
	at jdk.zipfs/jdk.nio.zipfs.ZipFileSystem.newInputStream(ZipFileSystem.java:591)
	at jdk.zipfs/jdk.nio.zipfs.ZipPath.newInputStream(ZipPath.java:721)
	at jdk.zipfs/jdk.nio.zipfs.ZipFileSystemProvider.newInputStream(ZipFileSystemProvider.java:275)
	at java.base/java.nio.file.Files.newInputStream(Files.java:155)
	at com.intellij.openapi.util.JDOMUtil.load(JDOMUtil.java:351)
	at com.intellij.ide.plugins.BasePathResolver.resolvePath(BasePathResolver.java:54)
	at com.intellij.ide.plugins.PluginXmlPathResolver.resolvePath(PluginXmlPathResolver.java:58)
	at com.intellij.ide.plugins.XmlReader.readDependencies(XmlReader.java:215)
	at com.intellij.ide.plugins.IdeaPluginDescriptorImpl.readExternal(IdeaPluginDescriptorImpl.java:190)
	at com.intellij.ide.plugins.PluginDescriptorLoader.loadDescriptorFromJar(PluginDescriptorLoader.java:94)
	at com.intellij.ide.plugins.PluginDescriptorLoader.loadDescriptorFromDirAndNormalize(PluginDescriptorLoader.java:145)
	at com.intellij.ide.plugins.PluginDescriptorLoader.loadDescriptorFromFileOrDir(PluginDescriptorLoader.java:120)
	at com.intellij.ide.plugins.PluginDescriptorLoader.loadDescriptor(PluginDescriptorLoader.java:44)
	at com.intellij.ide.plugins.PluginDescriptorLoader.lambda$loadDescriptorsFromDir$1(PluginDescriptorLoader.java:246)
	at java.base/java.util.concurrent.FutureTask.run(FutureTask.java:264)
	at com.intellij.util.concurrency.BoundedTaskExecutor.doRun(BoundedTaskExecutor.java:215)
	at com.intellij.util.concurrency.BoundedTaskExecutor.access$200(BoundedTaskExecutor.java:26)
	at com.intellij.util.concurrency.BoundedTaskExecutor$1.execute(BoundedTaskExecutor.java:194)
	at com.intellij.util.concurrency.BoundedTaskExecutor$1.run(BoundedTaskExecutor.java:186)
	at java.base/java.util.concurrent.ThreadPoolExecutor.runWorker(ThreadPoolExecutor.java:1128)
	at java.base/java.util.concurrent.ThreadPoolExecutor$Worker.run(ThreadPoolExecutor.java:628)
	at java.base/java.util.concurrent.Executors$PrivilegedThreadFactory$1$1.run(Executors.java:668)
	at java.base/java.util.concurrent.Executors$PrivilegedThreadFactory$1$1.run(Executors.java:665)
	at java.base/java.security.AccessController.doPrivileged(Native Method)
	at java.base/java.util.concurrent.Executors$PrivilegedThreadFactory$1.run(Executors.java:665)
	at java.base/java.lang.Thread.run(Thread.java:834)
2020-10-10 10:37:56,676 [   9448]   INFO - llij.ide.plugins.PluginManager - Plugin PluginDescriptor(name=Groovy, id=org.intellij.groovy, path=/Users/youxi/.gradle/caches/modules-2/files-2.1/com.jetbrains.intellij.idea/ideaIC/2020.2.1/a3f8c1e5b23dacbb6515571c2d97b455643d766d/ideaIC-2020.2.1/plugins/Groovy, version=202.6948.69) misses optional descriptor duplicates-detection-groovy.xml 
java.nio.file.NoSuchFileException: /META-INF/duplicates-detection-groovy.xml
	at jdk.zipfs/jdk.nio.zipfs.ZipFileSystem.newInputStream(ZipFileSystem.java:591)
	at jdk.zipfs/jdk.nio.zipfs.ZipPath.newInputStream(ZipPath.java:721)
	at jdk.zipfs/jdk.nio.zipfs.ZipFileSystemProvider.newInputStream(ZipFileSystemProvider.java:275)
	at java.base/java.nio.file.Files.newInputStream(Files.java:155)
	at com.intellij.openapi.util.JDOMUtil.load(JDOMUtil.java:351)
	at com.intellij.ide.plugins.BasePathResolver.resolvePath(BasePathResolver.java:54)
	at com.intellij.ide.plugins.PluginXmlPathResolver.resolvePath(PluginXmlPathResolver.java:58)
	at com.intellij.ide.plugins.XmlReader.readDependencies(XmlReader.java:215)
	at com.intellij.ide.plugins.IdeaPluginDescriptorImpl.readExternal(IdeaPluginDescriptorImpl.java:190)
	at com.intellij.ide.plugins.PluginDescriptorLoader.loadDescriptorFromJar(PluginDescriptorLoader.java:94)
	at com.intellij.ide.plugins.PluginDescriptorLoader.loadDescriptorFromDirAndNormalize(PluginDescriptorLoader.java:145)
	at com.intellij.ide.plugins.PluginDescriptorLoader.loadDescriptorFromFileOrDir(PluginDescriptorLoader.java:120)
	at com.intellij.ide.plugins.PluginDescriptorLoader.loadDescriptor(PluginDescriptorLoader.java:44)
	at com.intellij.ide.plugins.PluginDescriptorLoader.lambda$loadDescriptorsFromDir$1(PluginDescriptorLoader.java:246)
	at java.base/java.util.concurrent.FutureTask.run(FutureTask.java:264)
	at com.intellij.util.concurrency.BoundedTaskExecutor.doRun(BoundedTaskExecutor.java:215)
	at com.intellij.util.concurrency.BoundedTaskExecutor.access$200(BoundedTaskExecutor.java:26)
	at com.intellij.util.concurrency.BoundedTaskExecutor$1.execute(BoundedTaskExecutor.java:194)
	at com.intellij.util.concurrency.BoundedTaskExecutor$1.run(BoundedTaskExecutor.java:186)
	at java.base/java.util.concurrent.ThreadPoolExecutor.runWorker(ThreadPoolExecutor.java:1128)
	at java.base/java.util.concurrent.ThreadPoolExecutor$Worker.run(ThreadPoolExecutor.java:628)
	at java.base/java.util.concurrent.Executors$PrivilegedThreadFactory$1$1.run(Executors.java:668)
	at java.base/java.util.concurrent.Executors$PrivilegedThreadFactory$1$1.run(Executors.java:665)
	at java.base/java.security.AccessController.doPrivileged(Native Method)
	at java.base/java.util.concurrent.Executors$PrivilegedThreadFactory$1.run(Executors.java:665)
	at java.base/java.lang.Thread.run(Thread.java:834)
2020-10-10 10:37:56,754 [   9526]   WARN - i.mac.MacOSApplicationProvider - No URL bundle (CFBundleURLTypes) is defined in the main bundle.
To be able to open external links, specify protocols in the app layout section of the build file.
Example: args.urlSchemes = ["your-protocol"] will handle following links: your-protocol://open?file=file&line=line 
2020-10-10 10:37:56,758 [   9530]   INFO - llij.ide.plugins.PluginManager - Loaded bundled plugins: IDEA CORE (202.6948.69), com.intellij.platform.images (202.6948.69), JetBrains maven model api classes (202.6948.69), JetBrains Repository Search (202.6948.69), Subversion (202.6948.69), XPathView + XSLT (202.6948.69), XSLT Debugger (202.6948.69), Smali Support (202.6948.69), Configuration Script (202.6948.69), Copyright (202.6948.69), Gradle (202.6948.69), Java (202.6948.69), Bytecode Viewer (202.6948.69), JUnit (202.6948.69), Java IDE Customization (202.6948.69), Java Stream Debugger (202.6948.69), Eclipse Interoperability (202.6948.69), Java Bytecode Decompiler (202.6948.69), macOS Light Theme (202.6948.69), Windows 10 Light Theme (202.6948.69), Properties (202.6948.69), Ant (202.6948.69), Java Internationalization (202.6948.69), UI Designer (202.6948.69), JavaFX (202.6948.69), Resource Bundle Editor (202.6948.69), Machine Learning Code Completion (202.6948.69), Task Management (202.6948.69), Mercurial (202.6948.69), Webp Support (202.6948.69), EditorConfig (202.6948.69), Terminal (202.6948.69), Git (202.6948.69), ChangeReminder (202.6948.69), Next File Prediction (202.6948.69), GitHub (202.6948.69), Shell Script (202.6948.69), TextMate Bundles (202.6948.69), YAML (202.6948.69), Settings Repository (202.6948.69), IntelliLang (202.6948.69), TestNG (202.6948.69), Code Coverage for Java (202.6948.69), Groovy (202.6948.69), Maven (202.6948.69), Gradle-Java (202.6948.69), Plugin DevKit (202.6948.69), Gradle-Maven (202.6948.69), Kotlin (1.3.72-release-IJ2020.1-6), Android (10.4.0.202.6948.69), Markdown (202.6948.69), Grazie (202.6948.69) 
2020-10-10 10:37:56,758 [   9530]   INFO - llij.ide.plugins.PluginManager - Loaded custom plugins: AndroidZApk (1.0-SNAPSHOT) 
2020-10-10 10:37:57,398 [  10170]   INFO - m.intellij.ui.mac.touchbar.NST - touchbar-server isn't running, skip nst loading 
2020-10-10 10:37:57,812 [  10584]   INFO - m.intellij.util.io.StorageLock - lower=100; upper=492; buffer=10; max=492 
2020-10-10 10:37:58,177 [  10949]   INFO - tellij.util.io.FileChannelUtil - un-interruptible FileChannel-s will be used for indexes 
2020-10-10 10:37:58,212 [  10984]   INFO - fs.newvfs.persistent.FSRecords - Marking VFS as corrupted: '/Users/youxi/IdeaProjects/androidz_plugin_idea/build/idea-sandbox/system/caches/names.dat' does not exist 
2020-10-10 10:37:58,305 [  11077]   WARN - j.internal.DebugAttachDetector - Unable to start DebugAttachDetector, please add `--add-exports java.base/jdk.internal.vm=ALL-UNNAMED` to VM options 
2020-10-10 10:37:59,242 [  12014]   INFO - com.intellij.ide.ui.UISettings - Loaded: fontSize=13, fontScale=1.0; restored: fontSize=13, fontScale=1.0 
2020-10-10 10:38:01,907 [  14679]   INFO - .history.utils.LocalHistoryLog - local history version mismatch (was: 0, expected: 6), rebuilding... 
2020-10-10 10:38:01,907 [  14679]   INFO - .history.utils.LocalHistoryLog - FS has been rebuild, rebuilding local history... 
2020-10-10 10:38:02,014 [  14786]   INFO - rains.ide.BuiltInServerManager - built-in server started, port 63343 
2020-10-10 10:38:02,044 [  14816]   INFO - til.net.ssl.CertificateManager - Default SSL context initialized 
2020-10-10 10:38:02,260 [  15032]   INFO - pl.local.NativeFileWatcherImpl - Starting file watcher: /Users/youxi/.gradle/caches/modules-2/files-2.1/com.jetbrains.intellij.idea/ideaIC/2020.2.1/a3f8c1e5b23dacbb6515571c2d97b455643d766d/ideaIC-2020.2.1/bin/mac/fsnotifier 
2020-10-10 10:38:02,270 [  15042]   INFO - pl.local.NativeFileWatcherImpl - Native file watcher is operational. 
2020-10-10 10:38:02,302 [  15074]   INFO - stubs.SerializationManagerImpl - Name storage is repaired 
2020-10-10 10:38:04,322 [  17094]   INFO - gs.impl.UpdateCheckerComponent - channel: release 
2020-10-10 10:38:04,396 [  17168]   INFO - penapi.application.Experiments - Experimental features enabled for user: wsl.p9.support, wsl.p9.show.roots.in.file.chooser, inline.browse.button, linux.native.menu, recent.and.edited.files.together, show.create.new.element.in.popup, copy.reference.popup, new.large.text.file.viewer, property.value.inplace.editing, terminal.shell.command.handling 
2020-10-10 10:38:04,660 [  17432]   WARN - nSystem.impl.ActionManagerImpl - keymap "Xcode" not found [Plugin: com.intellij] 
2020-10-10 10:38:04,859 [  17631]   INFO - il.indexing.FileBasedIndexImpl - Indexes to be rebuilt after corruption:FilenameIndex(v = 3),FrameworkDetectionIndex(v = 0),TodoIndex(v = 4107),IdIndex(v = 4113),filetypes(v = 3),Stubs(v = 46),Trigram.Index(v = 4099),fileIncludes(v = 6),DomFileIndex(v = -1189920956),RelaxSymbolIndex(v = 0),XmlTagNames(v = 1),XmlNamespaces(v = 8),html5.custom.attributes.index(v = 1),SchemaTypeInheritance(v = 2),json.file.root.values(v = 5),XsltSymbolIndex(v = 0),bytecodeAnalysis(v = 4107),java.auto.module.name(v = 5),java.source.module.name(v = 2),java.null.method.argument(v = 4097),java.fun.expression(v = 4102),java.binary.plus.expression(v = 4100),xmlProperties(v = 2),ant-imports(v = 5),com.intellij.uiDesigner.FormClassIndex(v = 0),JavaFxControllerClassIndex(v = 1),javafx.id.name(v = 3),javafx.custom.component(v = 2),editorconfig.index.name(v = 5),yaml.keys.name(v = 1),groovy.trait.fields(v = 5),groovy.trait.methods(v = 25),IdeaPluginRegistrationIndex(v = 3),PluginIdModuleIndex(v = 1),PluginIdDependenciesIndex(v = 1),devkit.ExtensionPointIndex(v = 0),org.jetbrains.kotlin.idea.versions.KotlinJvmMetadataVersionIndex(v = 5),org.jetbrains.kotlin.idea.versions.KotlinJsMetadataVersionIndex(v = 3),org.jetbrains.kotlin.idea.vfilefinder.KotlinClassFileIndex(v = 3),org.jetbrains.kotlin.idea.vfilefinder.KotlinJavaScriptMetaFileIndex(v = 4),org.jetbrains.kotlin.idea.vfilefinder.KotlinMetadataFileIndex(v = 1),org.jetbrains.kotlin.idea.vfilefinder.KotlinMetadataFilePackageIndex(v = 1),org.jetbrains.kotlin.idea.vfilefinder.KotlinModuleMappingIndex(v = 5),org.jetbrains.kotlin.idea.vfilefinder.KotlinPackageSourcesMemberNamesIndex(v = 2),org.jetbrains.kotlin.idea.vfilefinder.KotlinJvmModuleAnnotationsIndex(v = 1),org.jetbrains.kotlin.ide.konan.index.KotlinNativeMetaFileIndex(v = 4),com.android.tools.idea.model.AndroidManifestIndex$Companion$NAME$1.NAME(v = 4),BindingXmlIndex(v = 7),MlModelFileIndex(v = 1) 
2020-10-10 10:38:04,871 [  17643]   INFO - leBasedIndexDataInitialization - Initialization done: 5580 
2020-10-10 10:38:05,244 [  18016]   INFO - ntellij.util.proxy.CommonProxy - <html>You have JVM property "https.proxyHost" set to "127.0.0.1".<br>This may lead to incorrect behaviour. Proxy should be set in Settings | HTTP Proxy<br>This JVM property is old and its usage is not recommended by Oracle.<br>(Note: It could have been assigned by some code dynamically.)</html> 
2020-10-10 10:38:05,348 [  18120]   INFO - tellij.psi.stubs.StubIndexImpl - Following stub indices will be built:dom.namespaceKey(v = 1),dom.elementClass(v = 0),properties.index(v = 2),gr.class.fqn(v = 1),gr.script.fqn(v = 2),gr.field.name(v = 2),gr.method.name(v = 2),gr.annot.method.name(v = 2),gr.annot.members(v = 2),gr.script.class(v = 2),gr.class.super(v = 2),gr.anonymous.class(v = 3),org.jetbrains.kotlin.idea.stubindex.KotlinExactPackagesIndex(v = 2),org.jetbrains.kotlin.idea.stubindex.KotlinTopLevelClassByPackageIndex(v = 2),org.jetbrains.kotlin.idea.stubindex.KotlinTopLevelFunctionByPackageIndex(v = 2),org.jetbrains.kotlin.idea.stubindex.KotlinTopLevelPropertyByPackageIndex(v = 2),org.jetbrains.kotlin.idea.stubindex.KotlinTopLevelTypeAliasByPackageIndex(v = 2),org.jetbrains.kotlin.idea.stubindex.KotlinClassShortNameIndex(v = 2),org.jetbrains.kotlin.idea.stubindex.KotlinFullClassNameIndex(v = 2),org.jetbrains.kotlin.idea.stubindex.KotlinPropertyShortNameIndex(v = 2),org.jetbrains.kotlin.idea.stubindex.KotlinFunctionShortNameIndex(v = 2),org.jetbrains.kotlin.idea.stubindex.KotlinTypeAliasShortNameIndex(v = 2),org.jetbrains.kotlin.idea.stubindex.KotlinSuperClassIndex(v = 2),org.jetbrains.kotlin.idea.stubindex.KotlinTopLevelFunctionFqnNameIndex(v = 2),org.jetbrains.kotlin.idea.stubindex.KotlinTopLevelPropertyFqnNameIndex(v = 2),org.jetbrains.kotlin.idea.stubindex.KotlinTopLevelTypeAliasFqNameIndex(v = 2),org.jetbrains.kotlin.idea.stubindex.KotlinTopLevelExtensionsByReceiverTypeIndex(v = 2),org.jetbrains.kotlin.idea.stubindex.KotlinAnnotationsIndex(v = 3),org.jetbrains.kotlin.idea.stubindex.KotlinProbablyNothingFunctionShortNameIndex(v = 2),org.jetbrains.kotlin.idea.stubindex.KotlinProbablyNothingPropertyShortNameIndex(v = 2),org.jetbrains.kotlin.idea.stubindex.KotlinProbablyContractedFunctionShortNameIndex(v = 2),org.jetbrains.kotlin.idea.stubindex.KotlinFileFacadeFqNameIndex(v = 2),org.jetbrains.kotlin.idea.stubindex.KotlinFilePartClassIndex(v = 2),org.jetbrains.kotlin.idea.stubindex.KotlinFileFacadeClassByPackageIndex(v = 2),org.jetbrains.kotlin.idea.stubindex.KotlinFileFacadeShortNameIndex(v = 2),org.jetbrains.kotlin.idea.stubindex.KotlinMultifileClassPartIndex(v = 2),org.jetbrains.kotlin.idea.stubindex.KotlinScriptFqnIndex(v = 2),org.jetbrains.kotlin.idea.stubindex.KotlinTypeAliasByExpansionShortNameIndex(v = 2),org.jetbrains.kotlin.idea.stubindex.KotlinOverridableInternalMembersShortNameIndex(v = 2),markdown.header(v = 2),java.annotations(v = 2),java.class.extlist(v = 3),java.field.name(v = 2),java.method.name(v = 2),jvm.static.member.name(v = 2),jvm.static.member.type(v = 2),java.anonymous.baseref(v = 2),java.method.parameter.types(v = 3),java.class.shortname(v = 4),java.class.fqn(v = 1),java.module.name(v = 4) 
2020-10-10 10:38:05,348 [  18120]   INFO - exImpl$StubIndexInitialization - Initialization done: 476 
2020-10-10 10:38:05,370 [  18142]   INFO - ntellij.util.proxy.CommonProxy - <html>You have JVM property "https.proxyHost" set to "127.0.0.1".<br>This may lead to incorrect behaviour. Proxy should be set in Settings | HTTP Proxy<br>This JVM property is old and its usage is not recommended by Oracle.<br>(Note: It could have been assigned by some code dynamically.)</html> 
2020-10-10 10:38:07,890 [  20662]   INFO -   #com.intellij.util.Restarter - not supported: not a bundle: /Users/youxi/.gradle/caches/modules-2/files-2.1/com.jetbrains.intellij.idea/ideaIC/2020.2.1/a3f8c1e5b23dacbb6515571c2d97b455643d766d/ideaIC-2020.2.1 
2020-10-10 10:38:19,754 [  32526]   INFO - lij.impl.ConversionServiceImpl - conversion will be performed because at least /Users/youxi/IdeaProjects/JavaDemo/JavaDemo.iml is changed (oldLastModified=-1, newLastModified=1602293500645 
2020-10-10 10:38:19,984 [  32756]   INFO - BridgeProjectLifecycleListener - Using legacy project model to open project 
2020-10-10 10:38:20,548 [  33320]   INFO - rojectCodeStyleSettingsManager - Initialized from default code style settings. 
2020-10-10 10:38:21,046 [  33818]   WARN - Container.ComponentManagerImpl - Do not use constructor injection (requestorClass=org.jetbrains.android.compose.AndroidComposeAutoDocumentation) 
2020-10-10 10:38:22,139 [  34911]   INFO - j.ide.script.IdeStartupScripts - 0 startup script(s) found 
2020-10-10 10:38:22,168 [  34940]   WARN - tartup.impl.StartupManagerImpl - Activities registered via registerPostStartupActivity must be dumb-aware: org.jetbrains.kotlin.idea.configuration.ui.KotlinConfigurationCheckerComponent$projectOpened$1@5390c249 
2020-10-10 10:38:23,343 [  36115]   INFO - ge.ExternalProjectsDataStorage - Load external projects data in 20 millis (read time: 4) 
2020-10-10 10:38:23,684 [  36456]   INFO - CompilerWorkspaceConfiguration - Available processors: 4 
2020-10-10 10:38:23,815 [  36587]   INFO - ProjectRootPostStartUpActivity - /Users/youxi/IdeaProjects/JavaDemo/.idea case-sensitivity: expected=false actual=false 
2020-10-10 10:38:23,887 [  36659]   INFO - .diagnostic.PerformanceWatcher - Post-startup activities under progress took 961ms; general responsiveness: ok; EDT responsiveness: ok 
2020-10-10 10:38:24,657 [  37429]   INFO - ots.impl.jdkDownloader.JdkAuto - Looking for a local SDK for JDK with name MissingSdkInfo(mySdkName=1.8, mySdkType=JavaSDK) 
2020-10-10 10:38:25,151 [  37923]   WARN - ion.impl.NotificationCollector - Notification group 'Heap Dump Analysis' is already registered in whitelist 
2020-10-10 10:38:25,152 [  37924]   WARN - ion.impl.NotificationCollector - Notification group 'Low Memory' is already registered in whitelist 
2020-10-10 10:38:25,188 [  37960]   INFO - tor.impl.FileEditorManagerImpl - Project opening took 5268 ms 
2020-10-10 10:38:25,499 [  38271]   INFO - penapi.project.DumbServiceImpl - cancel com.intellij.util.indexing.UnindexedFilesUpdater@4d54b87b 
2020-10-10 10:38:25,510 [  38282]   INFO - pl.ProjectRootManagerComponent - project roots have changed (trace_hash = -1580502477) 
java.lang.Throwable
	at com.intellij.openapi.roots.impl.ProjectRootManagerComponent.synchronizeRoots(ProjectRootManagerComponent.java:306)
	at com.intellij.openapi.roots.impl.ProjectRootManagerComponent.fireRootsChangedEvent(ProjectRootManagerComponent.java:210)
	at com.intellij.openapi.roots.impl.ProjectRootManagerImpl.fireRootsChanged(ProjectRootManagerImpl.java:428)
	at com.intellij.openapi.roots.impl.ProjectRootManagerImpl.access$200(ProjectRootManagerImpl.java:37)
	at com.intellij.openapi.roots.impl.ProjectRootManagerImpl$BatchSession.rootsChanged(ProjectRootManagerImpl.java:96)
	at com.intellij.openapi.roots.impl.ProjectRootManagerImpl.mergeRootsChangesDuring(ProjectRootManagerImpl.java:338)
	at com.intellij.openapi.roots.impl.ProjectRootManagerImpl$JdkTableMultiListener.jdkAdded(ProjectRootManagerImpl.java:591)
	at java.base/jdk.internal.reflect.NativeMethodAccessorImpl.invoke0(Native Method)
	at java.base/jdk.internal.reflect.NativeMethodAccessorImpl.invoke(NativeMethodAccessorImpl.java:62)
	at java.base/jdk.internal.reflect.DelegatingMethodAccessorImpl.invoke(DelegatingMethodAccessorImpl.java:43)
	at java.base/java.lang.reflect.Method.invoke(Method.java:566)
	at com.intellij.util.messages.impl.MessageBusImpl.invokeListener(MessageBusImpl.java:632)
	at com.intellij.util.messages.impl.MessageBusImpl.deliverMessage(MessageBusImpl.java:406)
	at com.intellij.util.messages.impl.MessageBusImpl.pumpWaitingBuses(MessageBusImpl.java:384)
	at com.intellij.util.messages.impl.MessageBusImpl.pumpMessages(MessageBusImpl.java:366)
	at com.intellij.util.messages.impl.MessageBusImpl.access$100(MessageBusImpl.java:32)
	at com.intellij.util.messages.impl.MessageBusImpl$MessagePublisher.invoke(MessageBusImpl.java:187)
	at com.sun.proxy.$Proxy81.jdkAdded(Unknown Source)
	at com.intellij.openapi.projectRoots.impl.ProjectJdkTableImpl.addJdk(ProjectJdkTableImpl.java:252)
	at com.intellij.openapi.projectRoots.impl.UnknownSdkTracker.lambda$registerNewSdkInJdkTable$10(UnknownSdkTracker.java:335)
	at com.intellij.openapi.application.WriteAction.run(WriteAction.java:102)
	at com.intellij.openapi.projectRoots.impl.UnknownSdkTracker.registerNewSdkInJdkTable(UnknownSdkTracker.java:322)
	at com.intellij.openapi.projectRoots.impl.UnknownSdkTracker.lambda$configureLocalSdk$9(UnknownSdkTracker.java:283)
	at com.intellij.openapi.application.TransactionGuardImpl$2.run(TransactionGuardImpl.java:201)
	at com.intellij.openapi.application.impl.ApplicationImpl.runIntendedWriteActionOnCurrentThread(ApplicationImpl.java:802)
	at com.intellij.openapi.application.impl.ApplicationImpl.lambda$invokeLater$4(ApplicationImpl.java:322)
	at com.intellij.openapi.application.impl.FlushQueue.doRun(FlushQueue.java:84)
	at com.intellij.openapi.application.impl.FlushQueue.runNextEvent(FlushQueue.java:132)
	at com.intellij.openapi.application.impl.FlushQueue.flushNow(FlushQueue.java:47)
	at com.intellij.openapi.application.impl.FlushQueue$FlushNow.run(FlushQueue.java:188)
	at java.desktop/java.awt.event.InvocationEvent.dispatch(InvocationEvent.java:313)
	at java.desktop/java.awt.EventQueue.dispatchEventImpl(EventQueue.java:776)
	at java.desktop/java.awt.EventQueue$4.run(EventQueue.java:727)
	at java.desktop/java.awt.EventQueue$4.run(EventQueue.java:721)
	at java.base/java.security.AccessController.doPrivileged(Native Method)
	at java.base/java.security.ProtectionDomain$JavaSecurityAccessImpl.doIntersectionPrivilege(ProtectionDomain.java:85)
	at java.desktop/java.awt.EventQueue.dispatchEvent(EventQueue.java:746)
	at com.intellij.ide.IdeEventQueue.defaultDispatchEvent(IdeEventQueue.java:971)
	at com.intellij.ide.IdeEventQueue._dispatchEvent(IdeEventQueue.java:841)
	at com.intellij.ide.IdeEventQueue.lambda$dispatchEvent$8(IdeEventQueue.java:452)
	at com.intellij.openapi.progress.impl.CoreProgressManager.computePrioritized(CoreProgressManager.java:744)
	at com.intellij.ide.IdeEventQueue.lambda$dispatchEvent$9(IdeEventQueue.java:451)
	at com.intellij.openapi.application.impl.ApplicationImpl.runIntendedWriteActionOnCurrentThread(ApplicationImpl.java:802)
	at com.intellij.ide.IdeEventQueue.dispatchEvent(IdeEventQueue.java:499)
	at java.desktop/java.awt.EventDispatchThread.pumpOneEventForFilters(EventDispatchThread.java:203)
	at java.desktop/java.awt.EventDispatchThread.pumpEventsForFilter(EventDispatchThread.java:124)
	at java.desktop/java.awt.EventDispatchThread.pumpEventsForHierarchy(EventDispatchThread.java:113)
	at java.desktop/java.awt.EventDispatchThread.pumpEvents(EventDispatchThread.java:109)
	at java.desktop/java.awt.EventDispatchThread.pumpEvents(EventDispatchThread.java:101)
	at java.desktop/java.awt.EventDispatchThread.run(EventDispatchThread.java:90)
2020-10-10 10:38:25,512 [  38284]   INFO - ctRoots.impl.UnknownSdkTracker - Automatically set Sdk MissingSdkInfo(mySdkName=1.8, mySdkType=JavaSDK) to /Library/Java/JavaVirtualMachines/jdk1.8.0_251.jdk/Contents/Home 
2020-10-10 10:38:25,722 [  38494]   INFO - roject.DumbServiceGuiTaskQueue - Running dumb mode task: com.intellij.util.indexing.UnindexedFilesUpdater@32795bc5 
2020-10-10 10:38:28,901 [  41673]   WARN - .intellij.diagnostic.VMOptions - VM options file not configured 
2020-10-10 10:38:28,901 [  41673]   INFO - gnostic.MemorySizeConfigurator - Physical memory 8192M, minimum memory size 256M, -Xmx adjusted from 512M to 1024M 
2020-10-10 10:38:29,942 [  42714]   INFO - .diagnostic.PerformanceWatcher - Pushing properties took 4211ms; general responsiveness: ok; EDT responsiveness: 1/5 sluggish 
2020-10-10 10:38:42,820 [  55592]   INFO - .diagnostic.PerformanceWatcher - Indexable file iteration took 12877ms; general responsiveness: ok; EDT responsiveness: 1/13 sluggish, 1/13 very slow 
2020-10-10 10:38:42,847 [  55619]   INFO - indexing.UnindexedFilesUpdater - Unindexed files update started: 63858 files to index 
2020-10-10 10:38:42,854 [  55626]   INFO - indexing.UnindexedFilesUpdater - Using 3 threads for indexing 
2020-10-10 10:39:10,508 [  83280]   INFO - rationStore.ComponentStoreImpl - Saving appDebuggerSettings took 26 ms, XDebuggerSettings took 12 ms 
2020-10-10 10:40:12,657 [ 145429]   INFO - .diagnostic.PerformanceWatcher - Unindexed files update took 89809ms; general responsiveness: ok; EDT responsiveness: 1/89 sluggish 
2020-10-10 10:40:12,658 [ 145430]   INFO - snapshot.SnapshotInputMappings - Snapshot mappings stats for java.binary.plus.expression. requests: 0, hits: 0, misses: 0 
2020-10-10 10:40:12,658 [ 145430]   INFO - snapshot.SnapshotInputMappings - Snapshot mappings stats for java.fun.expression. requests: 0, hits: 0, misses: 0 
2020-10-10 10:40:12,658 [ 145430]   INFO - snapshot.SnapshotInputMappings - Snapshot mappings stats for java.null.method.argument. requests: 0, hits: 0, misses: 0 
2020-10-10 10:40:12,658 [ 145430]   INFO - snapshot.SnapshotInputMappings - Snapshot mappings stats for bytecodeAnalysis. requests: 40719, hits: 0, misses: 40719 
2020-10-10 10:40:12,658 [ 145430]   INFO - snapshot.SnapshotInputMappings - Snapshot mappings stats for Trigram.Index. requests: 15950, hits: 36, misses: 15914 
2020-10-10 10:40:12,658 [ 145430]   INFO - snapshot.SnapshotInputMappings - Snapshot mappings stats for IdIndex. requests: 15942, hits: 35, misses: 15907 
2020-10-10 10:40:12,658 [ 145430]   INFO - snapshot.SnapshotInputMappings - Snapshot mappings stats for TodoIndex. requests: 4057, hits: 4, misses: 4053 
2020-10-10 10:40:12,660 [ 145432]   INFO - roject.DumbServiceGuiTaskQueue - Running dumb mode task: com.intellij.util.indexing.FileBasedIndexProjectHandler$2@38ba2fc3 [Project(name=JavaDemo, containerState=ACTIVE, componentStore=/Users/youxi/IdeaProjects/JavaDemo), %project_path%/../../../../, %project_path%/../../../../, %project_path%/../../../../, %project_path%/../../../../, %project_path%/../../../../, %project_path%/../../../../, %project_path%/../../../../, %project_path%/../../../../, %project_path%/../../../../, %project_path%/../../../../, %project_path%/../../../../, %project_path%/../../../../, %project_path%/../../../../, %project_path%/../../../../, %project_path%/../../../../, %project_path%/../../../../, %project_path%/../../../../, %project_path%/../../../../, %project_path%/../../../../, %project_path%/../../../../] 
2020-10-10 10:40:12,664 [ 145436]   INFO - g.FileBasedIndexProjectHandler - Reindexing refreshed files: 4057 to update, calculated in 3ms 
2020-10-10 10:40:12,664 [ 145436]   INFO - g.FileBasedIndexProjectHandler - Using 3 threads for indexing 
2020-10-10 10:40:16,127 [ 148899]   INFO - .diagnostic.PerformanceWatcher - Reindexing refreshed files took 3463ms; general responsiveness: ok; EDT responsiveness: ok 
2020-10-10 10:40:16,128 [ 148900]   INFO - penapi.project.DumbServiceImpl - updateFinished 
2020-10-10 10:40:16,131 [ 148903]   INFO - g.FileBasedIndexProjectHandler - Has changed files: false; project=Project(name=JavaDemo, containerState=ACTIVE, componentStore=/Users/youxi/IdeaProjects/JavaDemo) 
2020-10-10 10:40:17,469 [ 150241]   INFO - roject.DumbServiceGuiTaskQueue - Running dumb mode task: com.android.tools.idea.res.ResourceFolderRepositoryFileCacheImpl$PruneTask@56594c9d 
2020-10-10 10:40:17,488 [ 150260]   INFO - roject.DumbServiceGuiTaskQueue - Running dumb mode task: com.android.tools.idea.res.ResourceFolderRepositoryFileCacheImpl$ManageLruProjectFilesTask@2cb9e7a9 
2020-10-10 10:40:17,510 [ 150282]   INFO - penapi.project.DumbServiceImpl - updateFinished 
2020-10-10 10:40:17,511 [ 150283]   INFO - g.FileBasedIndexProjectHandler - Has changed files: false; project=Project(name=JavaDemo, containerState=ACTIVE, componentStore=/Users/youxi/IdeaProjects/JavaDemo) 
2020-10-10 10:40:17,564 [ 150336]   INFO - roject.DumbServiceGuiTaskQueue - Running dumb mode task: com.android.tools.idea.res.ResourceFolderRegistry$PopulateCachesTask@39b6416a 
2020-10-10 10:40:17,611 [ 150383]   INFO - penapi.project.DumbServiceImpl - updateFinished 
2020-10-10 10:40:17,613 [ 150385]   INFO - g.FileBasedIndexProjectHandler - Has changed files: false; project=Project(name=JavaDemo, containerState=ACTIVE, componentStore=/Users/youxi/IdeaProjects/JavaDemo) 
2020-10-10 10:40:31,529 [ 164301]   INFO -                         STDOUT - unzip apktool.jar 
2020-10-10 10:40:32,488 [ 165260]   INFO - .diagnostic.PerformanceWatcher - Searching for external libraries with Android resources. Found 0 libraries. took 2ms; general responsiveness: ok; EDT responsiveness: ok 
2020-10-10 10:40:32,500 [ 165272]   INFO - penapi.project.DumbServiceImpl - cancel com.intellij.openapi.roots.impl.PushedFilePropertiesUpdaterImpl$3@3eb578d1 
2020-10-10 10:40:32,500 [ 165272]   INFO - pl.ProjectRootManagerComponent - project roots have changed (trace_hash = -572048322) 
java.lang.Throwable
	at com.intellij.openapi.roots.impl.ProjectRootManagerComponent.synchronizeRoots(ProjectRootManagerComponent.java:306)
	at com.intellij.openapi.roots.impl.ProjectRootManagerComponent.access$600(ProjectRootManagerComponent.java:60)
	at com.intellij.openapi.roots.impl.ProjectRootManagerComponent$AppListener.writeActionFinished(ProjectRootManagerComponent.java:368)
	at jdk.internal.reflect.GeneratedMethodAccessor15.invoke(Unknown Source)
	at java.base/jdk.internal.reflect.DelegatingMethodAccessorImpl.invoke(DelegatingMethodAccessorImpl.java:43)
	at java.base/java.lang.reflect.Method.invoke(Method.java:566)
	at com.intellij.util.EventDispatcher.dispatchVoidMethod(EventDispatcher.java:123)
	at com.intellij.util.EventDispatcher.lambda$createMulticaster$1(EventDispatcher.java:86)
	at com.sun.proxy.$Proxy65.writeActionFinished(Unknown Source)
	at com.intellij.openapi.application.impl.ApplicationImpl.fireWriteActionFinished(ApplicationImpl.java:1354)
	at com.intellij.openapi.application.impl.ApplicationImpl.endWrite(ApplicationImpl.java:1197)
	at com.intellij.openapi.application.impl.ApplicationImpl.access$400(ApplicationImpl.java:62)
	at com.intellij.openapi.application.impl.ApplicationImpl$WriteAccessToken.finish(ApplicationImpl.java:1232)
	at com.intellij.openapi.application.WriteAction.run(WriteAction.java:105)
	at com.intellij.openapi.vfs.newvfs.RefreshSessionImpl.fireEvents(RefreshSessionImpl.java:190)
	at com.intellij.openapi.vfs.newvfs.RefreshQueueImpl.execute(RefreshQueueImpl.java:52)
	at com.intellij.openapi.vfs.newvfs.RefreshSessionImpl.launch(RefreshSessionImpl.java:114)
	at com.intellij.openapi.vfs.newvfs.RefreshQueueImpl.processSingleEvent(RefreshQueueImpl.java:169)
	at com.intellij.openapi.vfs.newvfs.impl.VirtualDirectoryImpl.createAndFindChildWithEventFire(VirtualDirectoryImpl.java:286)
	at com.intellij.openapi.vfs.newvfs.impl.VirtualDirectoryImpl.findChild(VirtualDirectoryImpl.java:82)
	at com.intellij.openapi.vfs.newvfs.impl.VirtualDirectoryImpl.refreshAndFindChild(VirtualDirectoryImpl.java:293)
	at com.intellij.openapi.vfs.newvfs.VfsImplUtil.refreshAndFindFileByPath(VfsImplUtil.java:119)
	at com.intellij.openapi.vfs.impl.local.LocalFileSystemBase.refreshAndFindFileByPath(LocalFileSystemBase.java:57)
	at com.intellij.openapi.vfs.impl.local.LocalFileSystemBase.refreshAndFindFileByIoFile(LocalFileSystemBase.java:67)
	at cn.com.lasong.plugin.idea.jar.JarUnzipTask.onFinished(JarUnzipTask.java:43)
	at com.intellij.openapi.progress.impl.CoreProgressManager.finishTask(CoreProgressManager.java:553)
	at com.intellij.openapi.progress.impl.CoreProgressManager.lambda$runProcessWithProgressAsync$6(CoreProgressManager.java:470)
	at com.intellij.openapi.application.TransactionGuardImpl$2.run(TransactionGuardImpl.java:201)
	at com.intellij.openapi.application.impl.ApplicationImpl.runIntendedWriteActionOnCurrentThread(ApplicationImpl.java:802)
	at com.intellij.openapi.application.impl.ApplicationImpl.lambda$invokeLater$4(ApplicationImpl.java:322)
	at com.intellij.openapi.application.impl.FlushQueue.doRun(FlushQueue.java:84)
	at com.intellij.openapi.application.impl.FlushQueue.runNextEvent(FlushQueue.java:132)
	at com.intellij.openapi.application.impl.FlushQueue.flushNow(FlushQueue.java:47)
	at com.intellij.openapi.application.impl.FlushQueue$FlushNow.run(FlushQueue.java:188)
	at java.desktop/java.awt.event.InvocationEvent.dispatch(InvocationEvent.java:313)
	at java.desktop/java.awt.EventQueue.dispatchEventImpl(EventQueue.java:776)
	at java.desktop/java.awt.EventQueue$4.run(EventQueue.java:727)
	at java.desktop/java.awt.EventQueue$4.run(EventQueue.java:721)
	at java.base/java.security.AccessController.doPrivileged(Native Method)
	at java.base/java.security.ProtectionDomain$JavaSecurityAccessImpl.doIntersectionPrivilege(ProtectionDomain.java:85)
	at java.desktop/java.awt.EventQueue.dispatchEvent(EventQueue.java:746)
	at com.intellij.ide.IdeEventQueue.defaultDispatchEvent(IdeEventQueue.java:971)
	at com.intellij.ide.IdeEventQueue._dispatchEvent(IdeEventQueue.java:841)
	at com.intellij.ide.IdeEventQueue.lambda$dispatchEvent$8(IdeEventQueue.java:452)
	at com.intellij.openapi.progress.impl.CoreProgressManager.computePrioritized(CoreProgressManager.java:744)
	at com.intellij.ide.IdeEventQueue.lambda$dispatchEvent$9(IdeEventQueue.java:451)
	at com.intellij.openapi.application.impl.ApplicationImpl.runIntendedWriteActionOnCurrentThread(ApplicationImpl.java:802)
	at com.intellij.ide.IdeEventQueue.dispatchEvent(IdeEventQueue.java:499)
	at java.desktop/java.awt.EventDispatchThread.pumpOneEventForFilters(EventDispatchThread.java:203)
	at java.desktop/java.awt.EventDispatchThread.pumpEventsForFilter(EventDispatchThread.java:124)
	at java.desktop/java.awt.EventDispatchThread.pumpEventsForHierarchy(EventDispatchThread.java:113)
	at java.desktop/java.awt.EventDispatchThread.pumpEvents(EventDispatchThread.java:109)
	at java.desktop/java.awt.EventDispatchThread.pumpEvents(EventDispatchThread.java:101)
	at java.desktop/java.awt.EventDispatchThread.run(EventDispatchThread.java:90)
2020-10-10 10:40:34,581 [ 167353]   INFO -                         STDOUT - baksmali.properties,baksmali.properties 
2020-10-10 10:40:36,311 [ 169083]   INFO -                         STDOUT - smali.properties,smali.properties 
2020-10-10 10:40:37,620 [ 170392]   INFO -                         STDOUT - XPP3_1.1.4c_VERSION,XPP3_1.1.4c_VERSION 
2020-10-10 10:40:38,724 [ 171496]   INFO -                         STDOUT - LICENSE.txt,LICENSE.txt 
2020-10-10 10:40:42,171 [ 174943]   INFO -                         STDOUT - XPP3_1.1.4c_VERSION,XPP3_1.1.4c_VERSION 
2020-10-10 10:40:45,778 [ 178550]   INFO -                         STDOUT - smali.properties,smali.properties 
2020-10-10 10:40:50,349 [ 183121]   INFO - roject.DumbServiceGuiTaskQueue - Running dumb mode task: com.intellij.util.indexing.UnindexedFilesUpdater@3fe1a17d 
2020-10-10 10:40:50,398 [ 183170]   INFO - .diagnostic.PerformanceWatcher - Pushing properties took 48ms; general responsiveness: ok; EDT responsiveness: ok 
2020-10-10 10:40:50,659 [ 183431]   INFO - .diagnostic.PerformanceWatcher - Searching for external libraries with Android resources. Found 0 libraries. took 0ms; general responsiveness: ok; EDT responsiveness: ok 
2020-10-10 10:40:50,659 [ 183431]   INFO - penapi.project.DumbServiceImpl - cancel com.intellij.util.indexing.UnindexedFilesUpdater@3fe1a17d 
2020-10-10 10:40:50,660 [ 183432]   INFO - pl.ProjectRootManagerComponent - project roots have changed (trace_hash = 1440403721) 
java.lang.Throwable
	at com.intellij.openapi.roots.impl.ProjectRootManagerComponent.synchronizeRoots(ProjectRootManagerComponent.java:306)
	at com.intellij.openapi.roots.impl.ProjectRootManagerComponent.access$600(ProjectRootManagerComponent.java:60)
	at com.intellij.openapi.roots.impl.ProjectRootManagerComponent$AppListener.writeActionFinished(ProjectRootManagerComponent.java:368)
	at jdk.internal.reflect.GeneratedMethodAccessor15.invoke(Unknown Source)
	at java.base/jdk.internal.reflect.DelegatingMethodAccessorImpl.invoke(DelegatingMethodAccessorImpl.java:43)
	at java.base/java.lang.reflect.Method.invoke(Method.java:566)
	at com.intellij.util.EventDispatcher.dispatchVoidMethod(EventDispatcher.java:123)
	at com.intellij.util.EventDispatcher.lambda$createMulticaster$1(EventDispatcher.java:86)
	at com.sun.proxy.$Proxy65.writeActionFinished(Unknown Source)
	at com.intellij.openapi.application.impl.ApplicationImpl.fireWriteActionFinished(ApplicationImpl.java:1354)
	at com.intellij.openapi.application.impl.ApplicationImpl.endWrite(ApplicationImpl.java:1197)
	at com.intellij.openapi.application.impl.ApplicationImpl.access$400(ApplicationImpl.java:62)
	at com.intellij.openapi.application.impl.ApplicationImpl$WriteAccessToken.finish(ApplicationImpl.java:1232)
	at com.intellij.openapi.application.WriteAction.run(WriteAction.java:105)
	at com.intellij.openapi.vfs.newvfs.RefreshSessionImpl.fireEvents(RefreshSessionImpl.java:190)
	at com.intellij.openapi.vfs.newvfs.RefreshQueueImpl.execute(RefreshQueueImpl.java:52)
	at com.intellij.openapi.vfs.newvfs.RefreshSessionImpl.launch(RefreshSessionImpl.java:114)
	at com.intellij.openapi.vfs.newvfs.RefreshQueue.refresh(RefreshQueue.java:42)
	at com.intellij.openapi.vfs.newvfs.RefreshQueue.refresh(RefreshQueue.java:28)
	at com.intellij.openapi.vfs.newvfs.impl.VirtualDirectoryImpl.findChild(VirtualDirectoryImpl.java:85)
	at com.intellij.openapi.vfs.newvfs.impl.VirtualDirectoryImpl.refreshAndFindChild(VirtualDirectoryImpl.java:293)
	at com.intellij.openapi.vfs.newvfs.VfsImplUtil.refreshAndFindFileByPath(VfsImplUtil.java:119)
	at com.intellij.openapi.vfs.impl.local.LocalFileSystemBase.refreshAndFindFileByPath(LocalFileSystemBase.java:57)
	at com.intellij.openapi.vfs.impl.local.LocalFileSystemBase.refreshAndFindFileByIoFile(LocalFileSystemBase.java:67)
	at cn.com.lasong.plugin.idea.jar.dialog.JarModifyDialog.finish(JarModifyDialog.java:120)
	at cn.com.lasong.plugin.idea.jar.dialog.JarModifyDialog.access$000(JarModifyDialog.java:25)
	at cn.com.lasong.plugin.idea.jar.dialog.JarModifyDialog$1.windowClosed(JarModifyDialog.java:45)
	at java.desktop/java.awt.AWTEventMulticaster.windowClosed(AWTEventMulticaster.java:367)
	at java.desktop/java.awt.AWTEventMulticaster.windowClosed(AWTEventMulticaster.java:367)
	at java.desktop/java.awt.Window.processWindowEvent(Window.java:2082)
	at java.desktop/javax.swing.JDialog.processWindowEvent(JDialog.java:686)
	at java.desktop/java.awt.Window.processEvent(Window.java:2038)
	at java.desktop/java.awt.Component.dispatchEventImpl(Component.java:5029)
	at java.desktop/java.awt.Container.dispatchEventImpl(Container.java:2321)
	at java.desktop/java.awt.Window.dispatchEventImpl(Window.java:2773)
	at java.desktop/java.awt.Component.dispatchEvent(Component.java:4861)
	at java.desktop/java.awt.EventQueue.dispatchEventImpl(EventQueue.java:778)
	at java.desktop/java.awt.EventQueue$4.run(EventQueue.java:727)
	at java.desktop/java.awt.EventQueue$4.run(EventQueue.java:721)
	at java.base/java.security.AccessController.doPrivileged(Native Method)
	at java.base/java.security.ProtectionDomain$JavaSecurityAccessImpl.doIntersectionPrivilege(ProtectionDomain.java:85)
	at java.base/java.security.ProtectionDomain$JavaSecurityAccessImpl.doIntersectionPrivilege(ProtectionDomain.java:95)
	at java.desktop/java.awt.EventQueue$5.run(EventQueue.java:751)
	at java.desktop/java.awt.EventQueue$5.run(EventQueue.java:749)
	at java.base/java.security.AccessController.doPrivileged(Native Method)
	at java.base/java.security.ProtectionDomain$JavaSecurityAccessImpl.doIntersectionPrivilege(ProtectionDomain.java:85)
	at java.desktop/java.awt.EventQueue.dispatchEvent(EventQueue.java:748)
	at com.intellij.ide.IdeEventQueue.defaultDispatchEvent(IdeEventQueue.java:971)
	at com.intellij.ide.IdeEventQueue._dispatchEvent(IdeEventQueue.java:841)
	at com.intellij.ide.IdeEventQueue.lambda$dispatchEvent$8(IdeEventQueue.java:452)
	at com.intellij.openapi.progress.impl.CoreProgressManager.computePrioritized(CoreProgressManager.java:744)
	at com.intellij.ide.IdeEventQueue.lambda$dispatchEvent$9(IdeEventQueue.java:451)
	at com.intellij.openapi.application.impl.ApplicationImpl.runIntendedWriteActionOnCurrentThread(ApplicationImpl.java:802)
	at com.intellij.ide.IdeEventQueue.dispatchEvent(IdeEventQueue.java:505)
	at java.desktop/java.awt.EventDispatchThread.pumpOneEventForFilters(EventDispatchThread.java:203)
	at java.desktop/java.awt.EventDispatchThread.pumpEventsForFilter(EventDispatchThread.java:124)
	at java.desktop/java.awt.EventDispatchThread.pumpEventsForHierarchy(EventDispatchThread.java:113)
	at java.desktop/java.awt.EventDispatchThread.pumpEvents(EventDispatchThread.java:109)
	at java.desktop/java.awt.EventDispatchThread.pumpEvents(EventDispatchThread.java:101)
	at java.desktop/java.awt.EventDispatchThread.run(EventDispatchThread.java:90)
2020-10-10 10:40:50,661 [ 183433]   INFO - indexing.UnindexedFilesUpdater - Unindexed files update canceled 
2020-10-10 10:40:50,661 [ 183433]   INFO - roject.DumbServiceGuiTaskQueue - Running dumb mode task: com.intellij.util.indexing.UnindexedFilesUpdater@68a455b6 
2020-10-10 10:40:50,663 [ 183435]   INFO - .diagnostic.PerformanceWatcher - Pushing properties took 1ms; general responsiveness: ok; EDT responsiveness: ok 
2020-10-10 10:40:50,880 [ 183652]   INFO - .diagnostic.PerformanceWatcher - Indexable file iteration took 216ms; general responsiveness: ok; EDT responsiveness: ok 
2020-10-10 10:40:50,881 [ 183653]   INFO - indexing.UnindexedFilesUpdater - Unindexed files update started: 0 files to index 
2020-10-10 10:40:50,882 [ 183654]   INFO - penapi.project.DumbServiceImpl - updateFinished 
2020-10-10 10:40:50,882 [ 183654]   INFO - g.FileBasedIndexProjectHandler - Has changed files: false; project=Project(name=JavaDemo, containerState=ACTIVE, componentStore=/Users/youxi/IdeaProjects/JavaDemo) 
2020-10-10 10:40:53,469 [ 186241]   INFO - rationStore.ComponentStoreImpl - Saving Project(name=JavaDemo, containerState=ACTIVE, componentStore=/Users/youxi/IdeaProjects/JavaDemo)RunManager took 52 ms 
2020-10-10 10:44:37,698 [ 410470]   INFO - il.indexing.FileBasedIndexImpl - START INDEX SHUTDOWN 
2020-10-10 10:44:37,877 [ 410649]   INFO - tellij.psi.stubs.StubIndexImpl - StubIndexExtension-s were unloaded 
2020-10-10 10:44:37,990 [ 410762]   INFO - il.indexing.FileBasedIndexImpl - END INDEX SHUTDOWN 
2020-10-10 10:44:37,990 [ 410762]   INFO - stubs.SerializationManagerImpl - Start shutting down /Users/youxi/IdeaProjects/androidz_plugin_idea/build/idea-sandbox/system/index/rep.names 
2020-10-10 10:44:37,992 [ 410764]   INFO - stubs.SerializationManagerImpl - Finished shutting down /Users/youxi/IdeaProjects/androidz_plugin_idea/build/idea-sandbox/system/index/rep.names 
2020-10-10 10:44:37,992 [ 410764]   INFO - newvfs.persistent.PersistentFS - VFS dispose started 
2020-10-10 10:44:37,997 [ 410769]   INFO - newvfs.persistent.PersistentFS - VFS dispose completed 
2020-10-10 10:44:37,997 [ 410769]   INFO -        #com.intellij.idea.Main - ------------------------------------------------------ IDE SHUTDOWN ------------------------------------------------------ 
2020-10-10 10:44:38,012 [ 410784]   INFO - org.jetbrains.io.BuiltInServer - web server stopped 
2020-10-10 10:46:11,458 [      0]   INFO -        #com.intellij.idea.Main - ------------------------------------------------------ IDE STARTED ------------------------------------------------------ 
2020-10-10 10:46:11,658 [    200]   INFO -        #com.intellij.idea.Main - IDE: IntelliJ IDEA (build #IC-202.6948.69, 25 Aug 2020 05:22) 
2020-10-10 10:46:11,734 [    276]   INFO -        #com.intellij.idea.Main - OS: Mac OS X (10.15.5, x86_64) 
2020-10-10 10:46:11,734 [    276]   INFO -        #com.intellij.idea.Main - JRE: 11.0.8+10-b944.31 (JetBrains s.r.o.) 
2020-10-10 10:46:11,734 [    276]   INFO -        #com.intellij.idea.Main - JVM: 11.0.8+10-b944.31 (OpenJDK 64-Bit Server VM) 
2020-10-10 10:46:11,736 [    278]   INFO -        #com.intellij.idea.Main - JVM Args: -Dapple.awt.fileDialogForDirectories=true -Dapple.laf.useScreenMenuBar=true -Didea.auto.reload.plugins=true -Didea.classpath.index.enabled=false -Didea.config.path=/Users/youxi/IdeaProjects/androidz_plugin_idea/build/idea-sandbox/config -Didea.is.internal=true -Didea.platform.prefix=Idea -Didea.plugins.path=/Users/youxi/IdeaProjects/androidz_plugin_idea/build/idea-sandbox/plugins -Didea.required.plugins.id=cn.com.lasong.plugin.idea -Didea.smooth.progress=false -Didea.system.path=/Users/youxi/IdeaProjects/androidz_plugin_idea/build/idea-sandbox/system -Xms256m -Xmx512m -Dfile.encoding=UTF-8 -Duser.country=CN -Duser.language=zh -Duser.variant -ea 
2020-10-10 10:46:11,736 [    278]   INFO -        #com.intellij.idea.Main - library path: /Users/youxi/Library/Java/Extensions:/Library/Java/Extensions:/Network/Library/Java/Extensions:/System/Library/Java/Extensions:/usr/lib/java:. 
2020-10-10 10:46:11,737 [    279]   INFO -        #com.intellij.idea.Main - boot library path: /Users/youxi/.gradle/caches/modules-2/files-2.1/com.jetbrains/jbre/jbr-11_0_8-osx-x64-b944.31/jbr/Contents/Home/lib 
2020-10-10 10:46:11,756 [    298]   INFO -        #com.intellij.idea.Main - locale=zh_CN_#Hans JNU=UTF-8 file.encoding=UTF-8
  idea.config.path=/Users/youxi/IdeaProjects/androidz_plugin_idea/build/idea-sandbox/config
  idea.system.path=/Users/youxi/IdeaProjects/androidz_plugin_idea/build/idea-sandbox/system
  idea.plugins.path=/Users/youxi/IdeaProjects/androidz_plugin_idea/build/idea-sandbox/plugins
  idea.log.path=/Users/youxi/IdeaProjects/androidz_plugin_idea/build/idea-sandbox/system/log 
2020-10-10 10:46:12,172 [    714]   INFO - .intellij.util.EnvironmentUtil - loading shell env: /bin/zsh -l -i -c '/Users/youxi/.gradle/caches/modules-2/files-2.1/com.jetbrains.intellij.idea/ideaIC/2020.2.1/a3f8c1e5b23dacbb6515571c2d97b455643d766d/ideaIC-2020.2.1/bin/printenv.py' '/var/folders/p6/mdpzk5ls29q_tnnjkynr8fpc0000gn/T/intellij-shell-env.928308832918934041.tmp' 
2020-10-10 10:46:12,255 [    797]   INFO -        #com.intellij.idea.Main - JNA library (64-bit) loaded in 499 ms 
2020-10-10 10:46:12,486 [   1028]   INFO - .intellij.util.EnvironmentUtil - shell environment loaded (20 vars) 
2020-10-10 10:46:12,658 [   1200]   INFO - ntellij.idea.ApplicationLoader - CPU cores: 4; ForkJoinPool.commonPool: java.util.concurrent.ForkJoinPool@11b81cc7[Running, parallelism = 3, size = 0, active = 0, running = 0, steals = 0, tasks = 0, submissions = 0]; factory: com.intellij.concurrency.IdeaForkJoinWorkerThreadFactory@55f4b7b 
2020-10-10 10:46:13,072 [   1614]   WARN - i.mac.MacOSApplicationProvider - No URL bundle (CFBundleURLTypes) is defined in the main bundle.
To be able to open external links, specify protocols in the app layout section of the build file.
Example: args.urlSchemes = ["your-protocol"] will handle following links: your-protocol://open?file=file&line=line 
2020-10-10 10:46:13,644 [   2186]   INFO - llij.ide.plugins.PluginManager - Plugin PluginDescriptor(name=Java, id=com.intellij.java, path=/Users/youxi/.gradle/caches/modules-2/files-2.1/com.jetbrains.intellij.idea/ideaIC/2020.2.1/a3f8c1e5b23dacbb6515571c2d97b455643d766d/ideaIC-2020.2.1/plugins/java, version=202.6948.69) misses optional descriptor profiler-java.xml 
java.nio.file.NoSuchFileException: /META-INF/profiler-java.xml
	at jdk.zipfs/jdk.nio.zipfs.ZipFileSystem.newInputStream(ZipFileSystem.java:591)
	at jdk.zipfs/jdk.nio.zipfs.ZipPath.newInputStream(ZipPath.java:721)
	at jdk.zipfs/jdk.nio.zipfs.ZipFileSystemProvider.newInputStream(ZipFileSystemProvider.java:275)
	at java.base/java.nio.file.Files.newInputStream(Files.java:155)
	at com.intellij.openapi.util.JDOMUtil.load(JDOMUtil.java:351)
	at com.intellij.ide.plugins.BasePathResolver.resolvePath(BasePathResolver.java:54)
	at com.intellij.ide.plugins.PluginXmlPathResolver.resolvePath(PluginXmlPathResolver.java:58)
	at com.intellij.ide.plugins.XmlReader.readDependencies(XmlReader.java:215)
	at com.intellij.ide.plugins.IdeaPluginDescriptorImpl.readExternal(IdeaPluginDescriptorImpl.java:190)
	at com.intellij.ide.plugins.PluginDescriptorLoader.loadDescriptorFromJar(PluginDescriptorLoader.java:94)
	at com.intellij.ide.plugins.PluginDescriptorLoader.loadDescriptorFromDirAndNormalize(PluginDescriptorLoader.java:145)
	at com.intellij.ide.plugins.PluginDescriptorLoader.loadDescriptorFromFileOrDir(PluginDescriptorLoader.java:120)
	at com.intellij.ide.plugins.PluginDescriptorLoader.loadDescriptor(PluginDescriptorLoader.java:44)
	at com.intellij.ide.plugins.PluginDescriptorLoader.lambda$loadDescriptorsFromDir$1(PluginDescriptorLoader.java:246)
	at java.base/java.util.concurrent.FutureTask.run(FutureTask.java:264)
	at com.intellij.util.concurrency.BoundedTaskExecutor.doRun(BoundedTaskExecutor.java:215)
	at com.intellij.util.concurrency.BoundedTaskExecutor.access$200(BoundedTaskExecutor.java:26)
	at com.intellij.util.concurrency.BoundedTaskExecutor$1.execute(BoundedTaskExecutor.java:194)
	at com.intellij.util.concurrency.BoundedTaskExecutor$1.run(BoundedTaskExecutor.java:186)
	at java.base/java.util.concurrent.ThreadPoolExecutor.runWorker(ThreadPoolExecutor.java:1128)
	at java.base/java.util.concurrent.ThreadPoolExecutor$Worker.run(ThreadPoolExecutor.java:628)
	at java.base/java.util.concurrent.Executors$PrivilegedThreadFactory$1$1.run(Executors.java:668)
	at java.base/java.util.concurrent.Executors$PrivilegedThreadFactory$1$1.run(Executors.java:665)
	at java.base/java.security.AccessController.doPrivileged(Native Method)
	at java.base/java.util.concurrent.Executors$PrivilegedThreadFactory$1.run(Executors.java:665)
	at java.base/java.lang.Thread.run(Thread.java:834)
2020-10-10 10:46:13,928 [   2470]   INFO - llij.ide.plugins.PluginManager - Plugin PluginDescriptor(name=Groovy, id=org.intellij.groovy, path=/Users/youxi/.gradle/caches/modules-2/files-2.1/com.jetbrains.intellij.idea/ideaIC/2020.2.1/a3f8c1e5b23dacbb6515571c2d97b455643d766d/ideaIC-2020.2.1/plugins/Groovy, version=202.6948.69) misses optional descriptor duplicates-groovy.xml 
java.nio.file.NoSuchFileException: /META-INF/duplicates-groovy.xml
	at jdk.zipfs/jdk.nio.zipfs.ZipFileSystem.newInputStream(ZipFileSystem.java:591)
	at jdk.zipfs/jdk.nio.zipfs.ZipPath.newInputStream(ZipPath.java:721)
	at jdk.zipfs/jdk.nio.zipfs.ZipFileSystemProvider.newInputStream(ZipFileSystemProvider.java:275)
	at java.base/java.nio.file.Files.newInputStream(Files.java:155)
	at com.intellij.openapi.util.JDOMUtil.load(JDOMUtil.java:351)
	at com.intellij.ide.plugins.BasePathResolver.resolvePath(BasePathResolver.java:54)
	at com.intellij.ide.plugins.PluginXmlPathResolver.resolvePath(PluginXmlPathResolver.java:58)
	at com.intellij.ide.plugins.XmlReader.readDependencies(XmlReader.java:215)
	at com.intellij.ide.plugins.IdeaPluginDescriptorImpl.readExternal(IdeaPluginDescriptorImpl.java:190)
	at com.intellij.ide.plugins.PluginDescriptorLoader.loadDescriptorFromJar(PluginDescriptorLoader.java:94)
	at com.intellij.ide.plugins.PluginDescriptorLoader.loadDescriptorFromDirAndNormalize(PluginDescriptorLoader.java:145)
	at com.intellij.ide.plugins.PluginDescriptorLoader.loadDescriptorFromFileOrDir(PluginDescriptorLoader.java:120)
	at com.intellij.ide.plugins.PluginDescriptorLoader.loadDescriptor(PluginDescriptorLoader.java:44)
	at com.intellij.ide.plugins.PluginDescriptorLoader.lambda$loadDescriptorsFromDir$1(PluginDescriptorLoader.java:246)
	at java.base/java.util.concurrent.FutureTask.run(FutureTask.java:264)
	at com.intellij.util.concurrency.BoundedTaskExecutor.doRun(BoundedTaskExecutor.java:215)
	at com.intellij.util.concurrency.BoundedTaskExecutor.access$200(BoundedTaskExecutor.java:26)
	at com.intellij.util.concurrency.BoundedTaskExecutor$1.execute(BoundedTaskExecutor.java:194)
	at com.intellij.util.concurrency.BoundedTaskExecutor$1.run(BoundedTaskExecutor.java:186)
	at java.base/java.util.concurrent.ThreadPoolExecutor.runWorker(ThreadPoolExecutor.java:1128)
	at java.base/java.util.concurrent.ThreadPoolExecutor$Worker.run(ThreadPoolExecutor.java:628)
	at java.base/java.util.concurrent.Executors$PrivilegedThreadFactory$1$1.run(Executors.java:668)
	at java.base/java.util.concurrent.Executors$PrivilegedThreadFactory$1$1.run(Executors.java:665)
	at java.base/java.security.AccessController.doPrivileged(Native Method)
	at java.base/java.util.concurrent.Executors$PrivilegedThreadFactory$1.run(Executors.java:665)
	at java.base/java.lang.Thread.run(Thread.java:834)
2020-10-10 10:46:13,931 [   2473]   INFO - llij.ide.plugins.PluginManager - Plugin PluginDescriptor(name=Groovy, id=org.intellij.groovy, path=/Users/youxi/.gradle/caches/modules-2/files-2.1/com.jetbrains.intellij.idea/ideaIC/2020.2.1/a3f8c1e5b23dacbb6515571c2d97b455643d766d/ideaIC-2020.2.1/plugins/Groovy, version=202.6948.69) misses optional descriptor duplicates-detection-groovy.xml 
java.nio.file.NoSuchFileException: /META-INF/duplicates-detection-groovy.xml
	at jdk.zipfs/jdk.nio.zipfs.ZipFileSystem.newInputStream(ZipFileSystem.java:591)
	at jdk.zipfs/jdk.nio.zipfs.ZipPath.newInputStream(ZipPath.java:721)
	at jdk.zipfs/jdk.nio.zipfs.ZipFileSystemProvider.newInputStream(ZipFileSystemProvider.java:275)
	at java.base/java.nio.file.Files.newInputStream(Files.java:155)
	at com.intellij.openapi.util.JDOMUtil.load(JDOMUtil.java:351)
	at com.intellij.ide.plugins.BasePathResolver.resolvePath(BasePathResolver.java:54)
	at com.intellij.ide.plugins.PluginXmlPathResolver.resolvePath(PluginXmlPathResolver.java:58)
	at com.intellij.ide.plugins.XmlReader.readDependencies(XmlReader.java:215)
	at com.intellij.ide.plugins.IdeaPluginDescriptorImpl.readExternal(IdeaPluginDescriptorImpl.java:190)
	at com.intellij.ide.plugins.PluginDescriptorLoader.loadDescriptorFromJar(PluginDescriptorLoader.java:94)
	at com.intellij.ide.plugins.PluginDescriptorLoader.loadDescriptorFromDirAndNormalize(PluginDescriptorLoader.java:145)
	at com.intellij.ide.plugins.PluginDescriptorLoader.loadDescriptorFromFileOrDir(PluginDescriptorLoader.java:120)
	at com.intellij.ide.plugins.PluginDescriptorLoader.loadDescriptor(PluginDescriptorLoader.java:44)
	at com.intellij.ide.plugins.PluginDescriptorLoader.lambda$loadDescriptorsFromDir$1(PluginDescriptorLoader.java:246)
	at java.base/java.util.concurrent.FutureTask.run(FutureTask.java:264)
	at com.intellij.util.concurrency.BoundedTaskExecutor.doRun(BoundedTaskExecutor.java:215)
	at com.intellij.util.concurrency.BoundedTaskExecutor.access$200(BoundedTaskExecutor.java:26)
	at com.intellij.util.concurrency.BoundedTaskExecutor$1.execute(BoundedTaskExecutor.java:194)
	at com.intellij.util.concurrency.BoundedTaskExecutor$1.run(BoundedTaskExecutor.java:186)
	at java.base/java.util.concurrent.ThreadPoolExecutor.runWorker(ThreadPoolExecutor.java:1128)
	at java.base/java.util.concurrent.ThreadPoolExecutor$Worker.run(ThreadPoolExecutor.java:628)
	at java.base/java.util.concurrent.Executors$PrivilegedThreadFactory$1$1.run(Executors.java:668)
	at java.base/java.util.concurrent.Executors$PrivilegedThreadFactory$1$1.run(Executors.java:665)
	at java.base/java.security.AccessController.doPrivileged(Native Method)
	at java.base/java.util.concurrent.Executors$PrivilegedThreadFactory$1.run(Executors.java:665)
	at java.base/java.lang.Thread.run(Thread.java:834)
2020-10-10 10:46:14,022 [   2564]   INFO - llij.ide.plugins.PluginManager - Loaded bundled plugins: IDEA CORE (202.6948.69), com.intellij.platform.images (202.6948.69), JetBrains maven model api classes (202.6948.69), JetBrains Repository Search (202.6948.69), Subversion (202.6948.69), XPathView + XSLT (202.6948.69), XSLT Debugger (202.6948.69), Smali Support (202.6948.69), Configuration Script (202.6948.69), Copyright (202.6948.69), Gradle (202.6948.69), Java (202.6948.69), Bytecode Viewer (202.6948.69), JUnit (202.6948.69), Java IDE Customization (202.6948.69), Java Stream Debugger (202.6948.69), Eclipse Interoperability (202.6948.69), Java Bytecode Decompiler (202.6948.69), macOS Light Theme (202.6948.69), Windows 10 Light Theme (202.6948.69), Properties (202.6948.69), Ant (202.6948.69), Java Internationalization (202.6948.69), UI Designer (202.6948.69), JavaFX (202.6948.69), Resource Bundle Editor (202.6948.69), Machine Learning Code Completion (202.6948.69), Task Management (202.6948.69), Mercurial (202.6948.69), Webp Support (202.6948.69), EditorConfig (202.6948.69), Terminal (202.6948.69), Git (202.6948.69), ChangeReminder (202.6948.69), Next File Prediction (202.6948.69), GitHub (202.6948.69), Shell Script (202.6948.69), TextMate Bundles (202.6948.69), YAML (202.6948.69), Settings Repository (202.6948.69), IntelliLang (202.6948.69), TestNG (202.6948.69), Code Coverage for Java (202.6948.69), Groovy (202.6948.69), Maven (202.6948.69), Gradle-Java (202.6948.69), Plugin DevKit (202.6948.69), Gradle-Maven (202.6948.69), Kotlin (1.3.72-release-IJ2020.1-6), Android (10.4.0.202.6948.69), Markdown (202.6948.69), Grazie (202.6948.69) 
2020-10-10 10:46:14,022 [   2564]   INFO - llij.ide.plugins.PluginManager - Loaded custom plugins: AndroidZApk (1.0-SNAPSHOT) 
2020-10-10 10:46:14,398 [   2940]   INFO - m.intellij.ui.mac.touchbar.NST - touchbar-server isn't running, skip nst loading 
2020-10-10 10:46:14,769 [   3311]   INFO - m.intellij.util.io.StorageLock - lower=100; upper=492; buffer=10; max=492 
2020-10-10 10:46:14,782 [   3324]   INFO - tellij.util.io.FileChannelUtil - un-interruptible FileChannel-s will be used for indexes 
2020-10-10 10:46:15,211 [   3753]   WARN - j.internal.DebugAttachDetector - Unable to start DebugAttachDetector, please add `--add-exports java.base/jdk.internal.vm=ALL-UNNAMED` to VM options 
2020-10-10 10:46:15,318 [   3860]   INFO - com.intellij.ide.ui.UISettings - Loaded: fontSize=13, fontScale=1.0; restored: fontSize=13, fontScale=1.0 
2020-10-10 10:46:15,511 [   4053]   INFO - til.net.ssl.CertificateManager - Default SSL context initialized 
2020-10-10 10:46:15,634 [   4176]   INFO - rains.ide.BuiltInServerManager - built-in server started, port 63343 
2020-10-10 10:46:15,736 [   4278]   INFO - pl.local.NativeFileWatcherImpl - Starting file watcher: /Users/youxi/.gradle/caches/modules-2/files-2.1/com.jetbrains.intellij.idea/ideaIC/2020.2.1/a3f8c1e5b23dacbb6515571c2d97b455643d766d/ideaIC-2020.2.1/bin/mac/fsnotifier 
2020-10-10 10:46:15,756 [   4298]   INFO - pl.local.NativeFileWatcherImpl - Native file watcher is operational. 
2020-10-10 10:46:17,172 [   5714]   INFO - gs.impl.UpdateCheckerComponent - channel: release 
2020-10-10 10:46:17,353 [   5895]   INFO - penapi.application.Experiments - Experimental features enabled for user: wsl.p9.support, wsl.p9.show.roots.in.file.chooser, inline.browse.button, linux.native.menu, recent.and.edited.files.together, show.create.new.element.in.popup, copy.reference.popup, new.large.text.file.viewer, property.value.inplace.editing, terminal.shell.command.handling 
2020-10-10 10:46:17,869 [   6411]   WARN - nSystem.impl.ActionManagerImpl - keymap "Xcode" not found [Plugin: com.intellij] 
2020-10-10 10:46:18,394 [   6936]   INFO - ntellij.util.proxy.CommonProxy - <html>You have JVM property "https.proxyHost" set to "127.0.0.1".<br>This may lead to incorrect behaviour. Proxy should be set in Settings | HTTP Proxy<br>This JVM property is old and its usage is not recommended by Oracle.<br>(Note: It could have been assigned by some code dynamically.)</html> 
2020-10-10 10:46:18,468 [   7010]   INFO - ntellij.util.proxy.CommonProxy - <html>You have JVM property "https.proxyHost" set to "127.0.0.1".<br>This may lead to incorrect behaviour. Proxy should be set in Settings | HTTP Proxy<br>This JVM property is old and its usage is not recommended by Oracle.<br>(Note: It could have been assigned by some code dynamically.)</html> 
2020-10-10 10:46:18,511 [   7053]   INFO - leBasedIndexDataInitialization - Initialization done: 3111 
2020-10-10 10:46:18,785 [   7327]   INFO - exImpl$StubIndexInitialization - Initialization done: 274 
2020-10-10 10:46:20,679 [   9221]   INFO -   #com.intellij.util.Restarter - not supported: not a bundle: /Users/youxi/.gradle/caches/modules-2/files-2.1/com.jetbrains.intellij.idea/ideaIC/2020.2.1/a3f8c1e5b23dacbb6515571c2d97b455643d766d/ideaIC-2020.2.1 
2020-10-10 10:46:28,615 [  17157]   INFO - BridgeProjectLifecycleListener - Using legacy project model to open project 
2020-10-10 10:46:29,255 [  17797]   INFO - rojectCodeStyleSettingsManager - Initialized from default code style settings. 
2020-10-10 10:46:29,674 [  18216]   WARN - Container.ComponentManagerImpl - Do not use constructor injection (requestorClass=org.jetbrains.android.compose.AndroidComposeAutoDocumentation) 
2020-10-10 10:46:30,534 [  19076]   INFO - j.ide.script.IdeStartupScripts - 0 startup script(s) found 
2020-10-10 10:46:30,560 [  19102]   WARN - tartup.impl.StartupManagerImpl - Activities registered via registerPostStartupActivity must be dumb-aware: org.jetbrains.kotlin.idea.configuration.ui.KotlinConfigurationCheckerComponent$projectOpened$1@165bc77d 
2020-10-10 10:46:31,567 [  20109]   INFO - ge.ExternalProjectsDataStorage - Load external projects data in 13 millis (read time: 2) 
2020-10-10 10:46:31,907 [  20449]   INFO - CompilerWorkspaceConfiguration - Available processors: 4 
2020-10-10 10:46:31,985 [  20527]   INFO - ProjectRootPostStartUpActivity - /Users/youxi/IdeaProjects/JavaDemo/.idea case-sensitivity: expected=false actual=false 
2020-10-10 10:46:32,085 [  20627]   INFO - .diagnostic.PerformanceWatcher - Post-startup activities under progress took 827ms; general responsiveness: ok; EDT responsiveness: ok 
2020-10-10 10:46:32,670 [  21212]   INFO - tor.impl.FileEditorManagerImpl - Project opening took 4115 ms 
2020-10-10 10:46:32,777 [  21319]   INFO - roject.DumbServiceGuiTaskQueue - Running dumb mode task: com.intellij.util.indexing.UnindexedFilesUpdater@9008bef 
2020-10-10 10:46:32,845 [  21387]   INFO - .diagnostic.PerformanceWatcher - Pushing properties took 62ms; general responsiveness: ok; EDT responsiveness: ok 
2020-10-10 10:46:34,605 [  23147]   INFO - rationStore.ComponentStoreImpl - Saving appFileTypeManager took 24 ms 
2020-10-10 10:46:37,100 [  25642]   WARN - .intellij.diagnostic.VMOptions - VM options file not configured 
2020-10-10 10:46:37,100 [  25642]   INFO - gnostic.MemorySizeConfigurator - Physical memory 8192M, minimum memory size 256M, -Xmx adjusted from 512M to 1024M 
2020-10-10 10:46:39,717 [  28259]   INFO - .diagnostic.PerformanceWatcher - Indexable file iteration took 6868ms; general responsiveness: ok; EDT responsiveness: ok 
2020-10-10 10:46:39,737 [  28279]   INFO - indexing.UnindexedFilesUpdater - Unindexed files update started: 0 files to index 
2020-10-10 10:46:39,741 [  28283]   INFO - penapi.project.DumbServiceImpl - updateFinished 
2020-10-10 10:46:39,755 [  28297]   INFO - g.FileBasedIndexProjectHandler - Has changed files: false; project=Project(name=JavaDemo, containerState=ACTIVE, componentStore=/Users/youxi/IdeaProjects/JavaDemo) 
2020-10-10 10:46:40,003 [  28545]   INFO - roject.DumbServiceGuiTaskQueue - Running dumb mode task: com.android.tools.idea.res.ResourceFolderRepositoryFileCacheImpl$PruneTask@3a34c082 
2020-10-10 10:46:40,011 [  28553]   INFO - roject.DumbServiceGuiTaskQueue - Running dumb mode task: com.android.tools.idea.res.ResourceFolderRepositoryFileCacheImpl$ManageLruProjectFilesTask@2ae0462a 
2020-10-10 10:46:40,059 [  28601]   INFO - penapi.project.DumbServiceImpl - updateFinished 
2020-10-10 10:46:40,063 [  28605]   INFO - g.FileBasedIndexProjectHandler - Has changed files: false; project=Project(name=JavaDemo, containerState=ACTIVE, componentStore=/Users/youxi/IdeaProjects/JavaDemo) 
2020-10-10 10:46:40,090 [  28632]   INFO - roject.DumbServiceGuiTaskQueue - Running dumb mode task: com.android.tools.idea.res.ResourceFolderRegistry$PopulateCachesTask@1a8a1acc 
2020-10-10 10:46:40,105 [  28647]   INFO - penapi.project.DumbServiceImpl - updateFinished 
2020-10-10 10:46:40,106 [  28648]   INFO - g.FileBasedIndexProjectHandler - Has changed files: false; project=Project(name=JavaDemo, containerState=ACTIVE, componentStore=/Users/youxi/IdeaProjects/JavaDemo) 
2020-10-10 10:46:40,364 [  28906]   INFO - roject.DumbServiceGuiTaskQueue - Running dumb mode task: com.intellij.openapi.roots.impl.PushedFilePropertiesUpdaterImpl$3@56e4fc40 
2020-10-10 10:46:40,471 [  29013]   INFO - roject.DumbServiceGuiTaskQueue - Running dumb mode task: com.intellij.openapi.roots.impl.PushedFilePropertiesUpdaterImpl$3@6bb7d661 
2020-10-10 10:46:40,477 [  29019]   INFO - penapi.project.DumbServiceImpl - updateFinished 
2020-10-10 10:46:40,477 [  29019]   INFO - g.FileBasedIndexProjectHandler - Has changed files: false; project=Project(name=JavaDemo, containerState=ACTIVE, componentStore=/Users/youxi/IdeaProjects/JavaDemo) 
2020-10-10 10:59:08,381 [ 776923]   INFO - il.indexing.FileBasedIndexImpl - START INDEX SHUTDOWN 
2020-10-10 10:59:08,514 [ 777056]   INFO - tellij.psi.stubs.StubIndexImpl - StubIndexExtension-s were unloaded 
2020-10-10 10:59:08,540 [ 777082]   INFO - il.indexing.FileBasedIndexImpl - END INDEX SHUTDOWN 
2020-10-10 10:59:08,540 [ 777082]   INFO - newvfs.persistent.PersistentFS - VFS dispose started 
2020-10-10 10:59:08,549 [ 777091]   INFO - newvfs.persistent.PersistentFS - VFS dispose completed 
2020-10-10 10:59:08,551 [ 777093]   INFO - stubs.SerializationManagerImpl - Start shutting down /Users/youxi/IdeaProjects/androidz_plugin_idea/build/idea-sandbox/system/index/rep.names 
2020-10-10 10:59:08,552 [ 777094]   INFO - stubs.SerializationManagerImpl - Finished shutting down /Users/youxi/IdeaProjects/androidz_plugin_idea/build/idea-sandbox/system/index/rep.names 
2020-10-10 10:59:08,552 [ 777094]   INFO -        #com.intellij.idea.Main - ------------------------------------------------------ IDE SHUTDOWN ------------------------------------------------------ 
2020-10-10 10:59:08,563 [ 777105]   INFO - org.jetbrains.io.BuiltInServer - web server stopped 
